<html>
<head>
<title>TestNG:  Surefire test</title>
<link href="../testng.css" rel="stylesheet" type="text/css" />
<link href="../my-testng.css" rel="stylesheet" type="text/css" />

<style type="text/css">
.log { display: none;} 
.stack-trace { display: none;} 
</style>
<script type="text/javascript">
<!--
function flip(e) {
  current = e.style.display;
  if (current == 'block') {
    e.style.display = 'none';
    return 0;
  }
  else {
    e.style.display = 'block';
    return 1;
  }
}

function toggleBox(szDivId, elem, msg1, msg2)
{
  var res = -1;  if (document.getElementById) {
    res = flip(document.getElementById(szDivId));
  }
  else if (document.all) {
    // this is the way old msie versions work
    res = flip(document.all[szDivId]);
  }
  if(elem) {
    if(res == 0) elem.innerHTML = msg1; else elem.innerHTML = msg2;
  }

}

function toggleAllBoxes() {
  if (document.getElementsByTagName) {
    d = document.getElementsByTagName('div');
    for (i = 0; i < d.length; i++) {
      if (d[i].className == 'log') {
        flip(d[i]);
      }
    }
  }
}

// -->
</script>

</head>
<body>
<h2 align='center'>Surefire test</h2><table border='1' align="center">
<tr>
<td>Tests passed/Failed/Skipped:</td><td>1/0/1</td>
</tr><tr>
<td>Started on:</td><td>Wed Sep 17 19:44:55 GMT+07:00 2025</td>
</tr>
<tr><td>Total time:</td><td>83 seconds (83021 ms)</td>
</tr><tr>
<td>Included groups:</td><td></td>
</tr><tr>
<td>Excluded groups:</td><td></td>
</tr>
</table><p/>
<small><i>(Hover the method name to see the test class name)</i></small><p/>
<table width='100%' border='1' class='invocation-failed'>
<tr><td colspan='4' align='center'><b>FAILED CONFIGURATIONS</b></td></tr>
<tr><td><b>Test method</b></td>
<td><b>Attribute(s)</b></td>
<td width="30%"><b>Exception</b></td>
<td width="10%"><b>Time (seconds)</b></td>
<td><b>Instance</b></td>
</tr>
<tr>
<td title='com.icon.sct.tests.SP00151_Test.testSetup()'><b>testSetup</b><br>Test class: com.icon.sct.tests.SP00151_Test<br>Parameters: [TestResult name={null} status=CREATED method=SP00151_Test.addSecondProjectProtocol()[pri:0, instance:com.icon.sct.tests.SP00151_Test@55c50f52] output={null}]</td>
<td><div><pre>java.lang.AssertionError: Set text on Locator &apos;LoginLocators/LoginInput&apos; - [//input[@type=&apos;email&apos;]] failed. Details: com.microsoft.playwright.TimeoutError: Error {
  message=&apos;Timeout 30000ms exceeded.
=========================== logs ===========================
waiting for locator(&quot;xpath=//input[@type=&apos;email&apos;]&quot;)
============================================================
  name=&apos;TimeoutError
  stack=&apos;TimeoutError: Timeout 30000ms exceeded.
=========================== logs ===========================
waiting for locator(&quot;xpath=//input[@type=&apos;email&apos;]&quot;)
============================================================
    at ProgressController.run (C:\Users\VoTha\AppData\Local\Temp\playwright-java-403703909782209034\package\lib\server\progress.js:88:26)
    at Frame.fill (C:\Users\VoTha\AppData\Local\Temp\playwright-java-403703909782209034\package\lib\server\frames.js:1055:23)
    at FrameDispatcher.fill (C:\Users\VoTha\AppData\Local\Temp\playwright-java-403703909782209034\package\lib\server\dispatchers\frameDispatcher.js:161:30)
    at DispatcherConnection.dispatch (C:\Users\VoTha\AppData\Local\Temp\playwright-java-403703909782209034\package\lib\server\dispatchers\dispatcher.js:319:46)
}
	at com.icon.sct.utils.Loggers.lambda$failed$3(Loggers.java:118)
	at io.qameta.allure.Allure.lambda$step$0(Allure.java:113)
	at io.qameta.allure.Allure.lambda$step$1(Allure.java:127)
	at io.qameta.allure.Allure.step(Allure.java:181)
	at io.qameta.allure.Allure.step(Allure.java:125)
	at io.qameta.allure.Allure.step(Allure.java:112)
	at com.icon.sct.utils.Loggers.failed(Loggers.java:117)
	at com.icon.sct.utils.PlaywrightActions.setText(PlaywrightActions.java:567)
	at com.icon.sct.pages.LoginPage.signIn(LoginPage.java:40)
	at com.icon.sct.pages.LoginPage.signIn(LoginPage.java:29)
	at com.icon.sct.base.BaseTest.testSetup(BaseTest.java:107)
	at java.base/java.util.ArrayList.forEach(ArrayList.java:1597)
... Removed 35 stack frames</pre></div><a href='#' onClick='toggleBox("stack-trace159581451", this, "Click to show all stack frames", "Click to hide stack frames")'>Click to show all stack frames</a>
<div class='stack-trace' id='stack-trace159581451'><pre>java.lang.AssertionError: Set text on Locator &apos;LoginLocators/LoginInput&apos; - [//input[@type=&apos;email&apos;]] failed. Details: com.microsoft.playwright.TimeoutError: Error {
  message=&apos;Timeout 30000ms exceeded.
=========================== logs ===========================
waiting for locator(&quot;xpath=//input[@type=&apos;email&apos;]&quot;)
============================================================
  name=&apos;TimeoutError
  stack=&apos;TimeoutError: Timeout 30000ms exceeded.
=========================== logs ===========================
waiting for locator(&quot;xpath=//input[@type=&apos;email&apos;]&quot;)
============================================================
    at ProgressController.run (C:\Users\VoTha\AppData\Local\Temp\playwright-java-403703909782209034\package\lib\server\progress.js:88:26)
    at Frame.fill (C:\Users\VoTha\AppData\Local\Temp\playwright-java-403703909782209034\package\lib\server\frames.js:1055:23)
    at FrameDispatcher.fill (C:\Users\VoTha\AppData\Local\Temp\playwright-java-403703909782209034\package\lib\server\dispatchers\frameDispatcher.js:161:30)
    at DispatcherConnection.dispatch (C:\Users\VoTha\AppData\Local\Temp\playwright-java-403703909782209034\package\lib\server\dispatchers\dispatcher.js:319:46)
}
	at org.testng.Assert.fail(Assert.java:111)
	at com.icon.sct.utils.Loggers.lambda$failed$3(Loggers.java:118)
	at io.qameta.allure.Allure.lambda$step$0(Allure.java:113)
	at io.qameta.allure.Allure.lambda$step$1(Allure.java:127)
	at io.qameta.allure.Allure.step(Allure.java:181)
	at io.qameta.allure.Allure.step(Allure.java:125)
	at io.qameta.allure.Allure.step(Allure.java:112)
	at com.icon.sct.utils.Loggers.failed(Loggers.java:117)
	at com.icon.sct.utils.PlaywrightActions.setText(PlaywrightActions.java:567)
	at com.icon.sct.pages.LoginPage.signIn(LoginPage.java:40)
	at com.icon.sct.pages.LoginPage.signIn(LoginPage.java:29)
	at com.icon.sct.base.BaseTest.testSetup(BaseTest.java:107)
	at java.base/jdk.internal.reflect.DirectMethodHandleAccessor.invoke(DirectMethodHandleAccessor.java:103)
	at java.base/java.lang.reflect.Method.invoke(Method.java:580)
	at org.testng.internal.invokers.MethodInvocationHelper.invokeMethod(MethodInvocationHelper.java:139)
	at org.testng.internal.invokers.MethodInvocationHelper.invokeMethodConsideringTimeout(MethodInvocationHelper.java:69)
	at org.testng.internal.invokers.ConfigInvoker.invokeConfigurationMethod(ConfigInvoker.java:390)
	at org.testng.internal.invokers.ConfigInvoker.invokeConfigurations(ConfigInvoker.java:325)
	at org.testng.internal.invokers.TestInvoker.runConfigMethods(TestInvoker.java:810)
	at org.testng.internal.invokers.TestInvoker.invokeMethod(TestInvoker.java:577)
	at org.testng.internal.invokers.TestInvoker.invokeTestMethod(TestInvoker.java:227)
	at org.testng.internal.invokers.MethodRunner.runInSequence(MethodRunner.java:50)
	at org.testng.internal.invokers.TestInvoker$MethodInvocationAgent.invoke(TestInvoker.java:957)
	at org.testng.internal.invokers.TestInvoker.invokeTestMethods(TestInvoker.java:200)
	at org.testng.internal.invokers.TestMethodWorker.invokeTestMethods(TestMethodWorker.java:148)
	at org.testng.internal.invokers.TestMethodWorker.run(TestMethodWorker.java:128)
	at java.base/java.util.ArrayList.forEach(ArrayList.java:1597)
	at org.testng.TestRunner.privateRun(TestRunner.java:848)
	at org.testng.TestRunner.run(TestRunner.java:621)
	at org.testng.SuiteRunner.runTest(SuiteRunner.java:443)
	at org.testng.SuiteRunner.runSequentially(SuiteRunner.java:437)
	at org.testng.SuiteRunner.privateRun(SuiteRunner.java:397)
	at org.testng.SuiteRunner.run(SuiteRunner.java:336)
	at org.testng.SuiteRunnerWorker.runSuite(SuiteRunnerWorker.java:52)
	at org.testng.SuiteRunnerWorker.run(SuiteRunnerWorker.java:95)
	at org.testng.TestNG.runSuitesSequentially(TestNG.java:1280)
	at org.testng.TestNG.runSuitesLocally(TestNG.java:1200)
	at org.testng.TestNG.runSuites(TestNG.java:1114)
	at org.testng.TestNG.run(TestNG.java:1082)
	at org.apache.maven.surefire.testng.TestNGExecutor.run(TestNGExecutor.java:135)
	at org.apache.maven.surefire.testng.TestNGDirectoryTestSuite.executeSingleClass(TestNGDirectoryTestSuite.java:112)
	at org.apache.maven.surefire.testng.TestNGDirectoryTestSuite.execute(TestNGDirectoryTestSuite.java:99)
	at org.apache.maven.surefire.testng.TestNGProvider.invoke(TestNGProvider.java:146)
	at org.apache.maven.surefire.booter.ForkedBooter.invokeProviderInSameClassLoader(ForkedBooter.java:384)
	at org.apache.maven.surefire.booter.ForkedBooter.runSuitesInProcess(ForkedBooter.java:345)
	at org.apache.maven.surefire.booter.ForkedBooter.execute(ForkedBooter.java:126)
	at org.apache.maven.surefire.booter.ForkedBooter.main(ForkedBooter.java:418)
</pre></div></td>
<td>35</td>
<td>com.icon.sct.tests.SP00151_Test@55c50f52</td></tr>
</table><p>
<table width='100%' border='1' class='invocation-skipped'>
<tr><td colspan='4' align='center'><b>SKIPPED CONFIGURATIONS</b></td></tr>
<tr><td><b>Test method</b></td>
<td><b>Attribute(s)</b></td>
<td width="30%"><b>Exception</b></td>
<td width="10%"><b>Time (seconds)</b></td>
<td><b>Instance</b></td>
</tr>
<tr>
<td title='com.icon.sct.tests.SP00151_Test.closeBrowserAndStopAllRecords()'><b>closeBrowserAndStopAllRecords</b><br>Test class: com.icon.sct.tests.SP00151_Test</td>
<td></td>
<td>0</td>
<td>com.icon.sct.tests.SP00151_Test@55c50f52</td></tr>
<tr>
<td title='com.icon.sct.tests.SP00151_Test.testTeardown()'><b>testTeardown</b><br>Test class: com.icon.sct.tests.SP00151_Test</td>
<td></td>
<td>0</td>
<td>com.icon.sct.tests.SP00151_Test@55c50f52</td></tr>
</table><p>
<table width='100%' border='1' class='invocation-passed'>
<tr><td colspan='4' align='center'><b>PASSED TESTS</b></td></tr>
<tr><td><b>Test method</b></td>
<td><b>Attribute(s)</b></td>
<td width="30%"><b>Exception</b></td>
<td width="10%"><b>Time (seconds)</b></td>
<td><b>Instance</b></td>
</tr>
<tr>
<td title='com.icon.sct.tests.SP00151_Test.addFirstProjectProtocol()'><b>addFirstProjectProtocol</b><br>Test class: com.icon.sct.tests.SP00151_Test<br>Test method: [SP0151-x] x.x.x.x-TC1_Add Project 1</td>
<td></td>
<td>20</td>
<td>com.icon.sct.tests.SP00151_Test@55c50f52</td></tr>
</table><p>
<table width='100%' border='1' class='invocation-skipped'>
<tr><td colspan='4' align='center'><b>SKIPPED TESTS</b></td></tr>
<tr><td><b>Test method</b></td>
<td><b>Attribute(s)</b></td>
<td width="30%"><b>Exception</b></td>
<td width="10%"><b>Time (seconds)</b></td>
<td><b>Instance</b></td>
</tr>
<tr>
<td title='com.icon.sct.tests.SP00151_Test.addSecondProjectProtocol()'><b>addSecondProjectProtocol</b><br>Test class: com.icon.sct.tests.SP00151_Test<br>Test method: [SP0151-x] x.x.x.x-TC2_Add Project 2</td>
<td><div><pre>java.lang.AssertionError: Set text on Locator &apos;LoginLocators/LoginInput&apos; - [//input[@type=&apos;email&apos;]] failed. Details: com.microsoft.playwright.TimeoutError: Error {
  message=&apos;Timeout 30000ms exceeded.
=========================== logs ===========================
waiting for locator(&quot;xpath=//input[@type=&apos;email&apos;]&quot;)
============================================================
  name=&apos;TimeoutError
  stack=&apos;TimeoutError: Timeout 30000ms exceeded.
=========================== logs ===========================
waiting for locator(&quot;xpath=//input[@type=&apos;email&apos;]&quot;)
============================================================
    at ProgressController.run (C:\Users\VoTha\AppData\Local\Temp\playwright-java-403703909782209034\package\lib\server\progress.js:88:26)
    at Frame.fill (C:\Users\VoTha\AppData\Local\Temp\playwright-java-403703909782209034\package\lib\server\frames.js:1055:23)
    at FrameDispatcher.fill (C:\Users\VoTha\AppData\Local\Temp\playwright-java-403703909782209034\package\lib\server\dispatchers\frameDispatcher.js:161:30)
    at DispatcherConnection.dispatch (C:\Users\VoTha\AppData\Local\Temp\playwright-java-403703909782209034\package\lib\server\dispatchers\dispatcher.js:319:46)
}
	at com.icon.sct.utils.Loggers.lambda$failed$3(Loggers.java:118)
	at io.qameta.allure.Allure.lambda$step$0(Allure.java:113)
	at io.qameta.allure.Allure.lambda$step$1(Allure.java:127)
	at io.qameta.allure.Allure.step(Allure.java:181)
	at io.qameta.allure.Allure.step(Allure.java:125)
	at io.qameta.allure.Allure.step(Allure.java:112)
	at com.icon.sct.utils.Loggers.failed(Loggers.java:117)
	at com.icon.sct.utils.PlaywrightActions.setText(PlaywrightActions.java:567)
	at com.icon.sct.pages.LoginPage.signIn(LoginPage.java:40)
	at com.icon.sct.pages.LoginPage.signIn(LoginPage.java:29)
	at com.icon.sct.base.BaseTest.testSetup(BaseTest.java:107)
	at java.base/java.util.ArrayList.forEach(ArrayList.java:1597)
... Removed 35 stack frames</pre></div><a href='#' onClick='toggleBox("stack-trace543118058", this, "Click to show all stack frames", "Click to hide stack frames")'>Click to show all stack frames</a>
<div class='stack-trace' id='stack-trace543118058'><pre>java.lang.AssertionError: Set text on Locator &apos;LoginLocators/LoginInput&apos; - [//input[@type=&apos;email&apos;]] failed. Details: com.microsoft.playwright.TimeoutError: Error {
  message=&apos;Timeout 30000ms exceeded.
=========================== logs ===========================
waiting for locator(&quot;xpath=//input[@type=&apos;email&apos;]&quot;)
============================================================
  name=&apos;TimeoutError
  stack=&apos;TimeoutError: Timeout 30000ms exceeded.
=========================== logs ===========================
waiting for locator(&quot;xpath=//input[@type=&apos;email&apos;]&quot;)
============================================================
    at ProgressController.run (C:\Users\VoTha\AppData\Local\Temp\playwright-java-403703909782209034\package\lib\server\progress.js:88:26)
    at Frame.fill (C:\Users\VoTha\AppData\Local\Temp\playwright-java-403703909782209034\package\lib\server\frames.js:1055:23)
    at FrameDispatcher.fill (C:\Users\VoTha\AppData\Local\Temp\playwright-java-403703909782209034\package\lib\server\dispatchers\frameDispatcher.js:161:30)
    at DispatcherConnection.dispatch (C:\Users\VoTha\AppData\Local\Temp\playwright-java-403703909782209034\package\lib\server\dispatchers\dispatcher.js:319:46)
}
	at org.testng.Assert.fail(Assert.java:111)
	at com.icon.sct.utils.Loggers.lambda$failed$3(Loggers.java:118)
	at io.qameta.allure.Allure.lambda$step$0(Allure.java:113)
	at io.qameta.allure.Allure.lambda$step$1(Allure.java:127)
	at io.qameta.allure.Allure.step(Allure.java:181)
	at io.qameta.allure.Allure.step(Allure.java:125)
	at io.qameta.allure.Allure.step(Allure.java:112)
	at com.icon.sct.utils.Loggers.failed(Loggers.java:117)
	at com.icon.sct.utils.PlaywrightActions.setText(PlaywrightActions.java:567)
	at com.icon.sct.pages.LoginPage.signIn(LoginPage.java:40)
	at com.icon.sct.pages.LoginPage.signIn(LoginPage.java:29)
	at com.icon.sct.base.BaseTest.testSetup(BaseTest.java:107)
	at java.base/jdk.internal.reflect.DirectMethodHandleAccessor.invoke(DirectMethodHandleAccessor.java:103)
	at java.base/java.lang.reflect.Method.invoke(Method.java:580)
	at org.testng.internal.invokers.MethodInvocationHelper.invokeMethod(MethodInvocationHelper.java:139)
	at org.testng.internal.invokers.MethodInvocationHelper.invokeMethodConsideringTimeout(MethodInvocationHelper.java:69)
	at org.testng.internal.invokers.ConfigInvoker.invokeConfigurationMethod(ConfigInvoker.java:390)
	at org.testng.internal.invokers.ConfigInvoker.invokeConfigurations(ConfigInvoker.java:325)
	at org.testng.internal.invokers.TestInvoker.runConfigMethods(TestInvoker.java:810)
	at org.testng.internal.invokers.TestInvoker.invokeMethod(TestInvoker.java:577)
	at org.testng.internal.invokers.TestInvoker.invokeTestMethod(TestInvoker.java:227)
	at org.testng.internal.invokers.MethodRunner.runInSequence(MethodRunner.java:50)
	at org.testng.internal.invokers.TestInvoker$MethodInvocationAgent.invoke(TestInvoker.java:957)
	at org.testng.internal.invokers.TestInvoker.invokeTestMethods(TestInvoker.java:200)
	at org.testng.internal.invokers.TestMethodWorker.invokeTestMethods(TestMethodWorker.java:148)
	at org.testng.internal.invokers.TestMethodWorker.run(TestMethodWorker.java:128)
	at java.base/java.util.ArrayList.forEach(ArrayList.java:1597)
	at org.testng.TestRunner.privateRun(TestRunner.java:848)
	at org.testng.TestRunner.run(TestRunner.java:621)
	at org.testng.SuiteRunner.runTest(SuiteRunner.java:443)
	at org.testng.SuiteRunner.runSequentially(SuiteRunner.java:437)
	at org.testng.SuiteRunner.privateRun(SuiteRunner.java:397)
	at org.testng.SuiteRunner.run(SuiteRunner.java:336)
	at org.testng.SuiteRunnerWorker.runSuite(SuiteRunnerWorker.java:52)
	at org.testng.SuiteRunnerWorker.run(SuiteRunnerWorker.java:95)
	at org.testng.TestNG.runSuitesSequentially(TestNG.java:1280)
	at org.testng.TestNG.runSuitesLocally(TestNG.java:1200)
	at org.testng.TestNG.runSuites(TestNG.java:1114)
	at org.testng.TestNG.run(TestNG.java:1082)
	at org.apache.maven.surefire.testng.TestNGExecutor.run(TestNGExecutor.java:135)
	at org.apache.maven.surefire.testng.TestNGDirectoryTestSuite.executeSingleClass(TestNGDirectoryTestSuite.java:112)
	at org.apache.maven.surefire.testng.TestNGDirectoryTestSuite.execute(TestNGDirectoryTestSuite.java:99)
	at org.apache.maven.surefire.testng.TestNGProvider.invoke(TestNGProvider.java:146)
	at org.apache.maven.surefire.booter.ForkedBooter.invokeProviderInSameClassLoader(ForkedBooter.java:384)
	at org.apache.maven.surefire.booter.ForkedBooter.runSuitesInProcess(ForkedBooter.java:345)
	at org.apache.maven.surefire.booter.ForkedBooter.execute(ForkedBooter.java:126)
	at org.apache.maven.surefire.booter.ForkedBooter.main(ForkedBooter.java:418)
</pre></div></td>
<td>0</td>
<td>com.icon.sct.tests.SP00151_Test@55c50f52</td></tr>
</table><p>
</body>
</html>