<?xml version="1.0" encoding="UTF-8"?>
<!-- Generated by org.testng.reporters.JUnitXMLReporter -->
<testsuite ignored="0" hostname="EU-XDMDP10-0389" failures="0" tests="2" name="Surefire test" time="83.021" errors="0" timestamp="2025-09-17T19:46:18 GMT+07:00">
  <testcase classname="com.icon.sct.base.BaseTest" name="@BeforeMethod testSetup" time="35.137">
    <failure type="java.lang.AssertionError" message="Set text on Locator &amp;apos;LoginLocators/LoginInput&amp;apos; - [//input[@type=&amp;apos;email&amp;apos;]] failed. Details: com.microsoft.playwright.TimeoutError: Error {
  message=&amp;apos;Timeout 30000ms exceeded.
=========================== logs ===========================
waiting for locator(&amp;quot;xpath=//input[@type=&amp;apos;email&amp;apos;]&amp;quot;)
============================================================
  name=&amp;apos;TimeoutError
  stack=&amp;apos;TimeoutError: Timeout 30000ms exceeded.
=========================== logs ===========================
waiting for locator(&amp;quot;xpath=//input[@type=&amp;apos;email&amp;apos;]&amp;quot;)
============================================================
    at ProgressController.run (C:\Users\VoTha\AppData\Local\Temp\playwright-java-403703909782209034\package\lib\server\progress.js:88:26)
    at Frame.fill (C:\Users\VoTha\AppData\Local\Temp\playwright-java-403703909782209034\package\lib\server\frames.js:1055:23)
    at FrameDispatcher.fill (C:\Users\VoTha\AppData\Local\Temp\playwright-java-403703909782209034\package\lib\server\dispatchers\frameDispatcher.js:161:30)
    at DispatcherConnection.dispatch (C:\Users\VoTha\AppData\Local\Temp\playwright-java-403703909782209034\package\lib\server\dispatchers\dispatcher.js:319:46)
}">
      <![CDATA[java.lang.AssertionError: Set text on Locator 'LoginLocators/LoginInput' - [//input[@type='email']] failed. Details: com.microsoft.playwright.TimeoutError: Error {
  message='Timeout 30000ms exceeded.
=========================== logs ===========================
waiting for locator("xpath=//input[@type='email']")
============================================================
  name='TimeoutError
  stack='TimeoutError: Timeout 30000ms exceeded.
=========================== logs ===========================
waiting for locator("xpath=//input[@type='email']")
============================================================
    at ProgressController.run (C:\Users\VoTha\AppData\Local\Temp\playwright-java-403703909782209034\package\lib\server\progress.js:88:26)
    at Frame.fill (C:\Users\VoTha\AppData\Local\Temp\playwright-java-403703909782209034\package\lib\server\frames.js:1055:23)
    at FrameDispatcher.fill (C:\Users\VoTha\AppData\Local\Temp\playwright-java-403703909782209034\package\lib\server\dispatchers\frameDispatcher.js:161:30)
    at DispatcherConnection.dispatch (C:\Users\VoTha\AppData\Local\Temp\playwright-java-403703909782209034\package\lib\server\dispatchers\dispatcher.js:319:46)
}
at com.icon.sct.utils.Loggers.lambda$failed$3(Loggers.java:118)
at io.qameta.allure.Allure.lambda$step$0(Allure.java:113)
at io.qameta.allure.Allure.lambda$step$1(Allure.java:127)
at io.qameta.allure.Allure.step(Allure.java:181)
at io.qameta.allure.Allure.step(Allure.java:125)
at io.qameta.allure.Allure.step(Allure.java:112)
at com.icon.sct.utils.Loggers.failed(Loggers.java:117)
at com.icon.sct.utils.PlaywrightActions.setText(PlaywrightActions.java:567)
at com.icon.sct.pages.LoginPage.signIn(LoginPage.java:40)
at com.icon.sct.pages.LoginPage.signIn(LoginPage.java:29)
at com.icon.sct.base.BaseTest.testSetup(BaseTest.java:107)
at java.base/java.util.ArrayList.forEach(ArrayList.java:1597)
... Removed 35 stack frames]]>
    </failure>
  </testcase> <!-- @BeforeMethod testSetup -->
  <testcase classname="com.icon.sct.base.BaseTest" name="@AfterMethod testTeardown" time="0.0">
    <skipped/>
  </testcase> <!-- @AfterMethod testTeardown -->
  <testcase classname="com.icon.sct.base.BaseTest" name="@AfterClass closeBrowserAndStopAllRecords" time="0.0">
    <skipped/>
  </testcase> <!-- @AfterClass closeBrowserAndStopAllRecords -->
  <testcase classname="com.icon.sct.tests.SP00151_Test" name="addFirstProjectProtocol" time="20.484"/>
  <testcase classname="com.icon.sct.tests.SP00151_Test" name="addSecondProjectProtocol" time="0.0">
    <skipped/>
  </testcase> <!-- addSecondProjectProtocol -->
</testsuite> <!-- Surefire test -->
