{"uuid":"1447d229-4b80-496b-8fe3-4ebdfa06743c","name":"com.icon.sct.base.BaseTest.testSetup","children":["74a9e53c-c81e-42dd-a531-b179f2e2ab55"],"description":"","befores":[{"name":"testSetup","status":"failed","statusDetails":{"known":false,"muted":false,"flaky":false,"message":"Set text on Locator 'LoginLocators/LoginInput' - [//input[@type='email']] failed. Details: com.microsoft.playwright.TimeoutError: Error {\n  message='Timeout 30000ms exceeded.\n=========================== logs ===========================\nwaiting for locator(\"xpath=//input[@type='email']\")\n============================================================\n  name='TimeoutError\n  stack='TimeoutError: Timeout 30000ms exceeded.\n=========================== logs ===========================\nwaiting for locator(\"xpath=//input[@type='email']\")\n============================================================\n    at ProgressController.run (C:\\Users\\VoTha\\AppData\\Local\\Temp\\playwright-java-403703909782209034\\package\\lib\\server\\progress.js:88:26)\n    at Frame.fill (C:\\Users\\VoTha\\AppData\\Local\\Temp\\playwright-java-403703909782209034\\package\\lib\\server\\frames.js:1055:23)\n    at FrameDispatcher.fill (C:\\Users\\VoTha\\AppData\\Local\\Temp\\playwright-java-403703909782209034\\package\\lib\\server\\dispatchers\\frameDispatcher.js:161:30)\n    at DispatcherConnection.dispatch (C:\\Users\\VoTha\\AppData\\Local\\Temp\\playwright-java-403703909782209034\\package\\lib\\server\\dispatchers\\dispatcher.js:319:46)\n}","trace":"java.lang.AssertionError: Set text on Locator 'LoginLocators/LoginInput' - [//input[@type='email']] failed. Details: com.microsoft.playwright.TimeoutError: Error {\n  message='Timeout 30000ms exceeded.\n=========================== logs ===========================\nwaiting for locator(\"xpath=//input[@type='email']\")\n============================================================\n  name='TimeoutError\n  stack='TimeoutError: Timeout 30000ms exceeded.\n=========================== logs ===========================\nwaiting for locator(\"xpath=//input[@type='email']\")\n============================================================\n    at ProgressController.run (C:\\Users\\VoTha\\AppData\\Local\\Temp\\playwright-java-403703909782209034\\package\\lib\\server\\progress.js:88:26)\n    at Frame.fill (C:\\Users\\VoTha\\AppData\\Local\\Temp\\playwright-java-403703909782209034\\package\\lib\\server\\frames.js:1055:23)\n    at FrameDispatcher.fill (C:\\Users\\VoTha\\AppData\\Local\\Temp\\playwright-java-403703909782209034\\package\\lib\\server\\dispatchers\\frameDispatcher.js:161:30)\n    at DispatcherConnection.dispatch (C:\\Users\\VoTha\\AppData\\Local\\Temp\\playwright-java-403703909782209034\\package\\lib\\server\\dispatchers\\dispatcher.js:319:46)\n}\r\n\tat org.testng.Assert.fail(Assert.java:111)\r\n\tat com.icon.sct.utils.Loggers.lambda$failed$3(Loggers.java:118)\r\n\tat io.qameta.allure.Allure.lambda$step$0(Allure.java:113)\r\n\tat io.qameta.allure.Allure.lambda$step$1(Allure.java:127)\r\n\tat io.qameta.allure.Allure.step(Allure.java:181)\r\n\tat io.qameta.allure.Allure.step(Allure.java:125)\r\n\tat io.qameta.allure.Allure.step(Allure.java:112)\r\n\tat com.icon.sct.utils.Loggers.failed(Loggers.java:117)\r\n\tat com.icon.sct.utils.PlaywrightActions.setText(PlaywrightActions.java:567)\r\n\tat com.icon.sct.pages.LoginPage.signIn(LoginPage.java:40)\r\n\tat com.icon.sct.pages.LoginPage.signIn(LoginPage.java:29)\r\n\tat com.icon.sct.base.BaseTest.testSetup(BaseTest.java:107)\r\n\tat java.base/jdk.internal.reflect.DirectMethodHandleAccessor.invoke(DirectMethodHandleAccessor.java:103)\r\n\tat java.base/java.lang.reflect.Method.invoke(Method.java:580)\r\n\tat org.testng.internal.invokers.MethodInvocationHelper.invokeMethod(MethodInvocationHelper.java:139)\r\n\tat org.testng.internal.invokers.MethodInvocationHelper.invokeMethodConsideringTimeout(MethodInvocationHelper.java:69)\r\n\tat org.testng.internal.invokers.ConfigInvoker.invokeConfigurationMethod(ConfigInvoker.java:390)\r\n\tat org.testng.internal.invokers.ConfigInvoker.invokeConfigurations(ConfigInvoker.java:325)\r\n\tat org.testng.internal.invokers.TestInvoker.runConfigMethods(TestInvoker.java:810)\r\n\tat org.testng.internal.invokers.TestInvoker.invokeMethod(TestInvoker.java:577)\r\n\tat org.testng.internal.invokers.TestInvoker.invokeTestMethod(TestInvoker.java:227)\r\n\tat org.testng.internal.invokers.MethodRunner.runInSequence(MethodRunner.java:50)\r\n\tat org.testng.internal.invokers.TestInvoker$MethodInvocationAgent.invoke(TestInvoker.java:957)\r\n\tat org.testng.internal.invokers.TestInvoker.invokeTestMethods(TestInvoker.java:200)\r\n\tat org.testng.internal.invokers.TestMethodWorker.invokeTestMethods(TestMethodWorker.java:148)\r\n\tat org.testng.internal.invokers.TestMethodWorker.run(TestMethodWorker.java:128)\r\n\tat java.base/java.util.ArrayList.forEach(ArrayList.java:1597)\r\n\tat org.testng.TestRunner.privateRun(TestRunner.java:848)\r\n\tat org.testng.TestRunner.run(TestRunner.java:621)\r\n\tat org.testng.SuiteRunner.runTest(SuiteRunner.java:443)\r\n\tat org.testng.SuiteRunner.runSequentially(SuiteRunner.java:437)\r\n\tat org.testng.SuiteRunner.privateRun(SuiteRunner.java:397)\r\n\tat org.testng.SuiteRunner.run(SuiteRunner.java:336)\r\n\tat org.testng.SuiteRunnerWorker.runSuite(SuiteRunnerWorker.java:52)\r\n\tat org.testng.SuiteRunnerWorker.run(SuiteRunnerWorker.java:95)\r\n\tat org.testng.TestNG.runSuitesSequentially(TestNG.java:1280)\r\n\tat org.testng.TestNG.runSuitesLocally(TestNG.java:1200)\r\n\tat org.testng.TestNG.runSuites(TestNG.java:1114)\r\n\tat org.testng.TestNG.run(TestNG.java:1082)\r\n\tat org.apache.maven.surefire.testng.TestNGExecutor.run(TestNGExecutor.java:135)\r\n\tat org.apache.maven.surefire.testng.TestNGDirectoryTestSuite.executeSingleClass(TestNGDirectoryTestSuite.java:112)\r\n\tat org.apache.maven.surefire.testng.TestNGDirectoryTestSuite.execute(TestNGDirectoryTestSuite.java:99)\r\n\tat org.apache.maven.surefire.testng.TestNGProvider.invoke(TestNGProvider.java:146)\r\n\tat org.apache.maven.surefire.booter.ForkedBooter.invokeProviderInSameClassLoader(ForkedBooter.java:384)\r\n\tat org.apache.maven.surefire.booter.ForkedBooter.runSuitesInProcess(ForkedBooter.java:345)\r\n\tat org.apache.maven.surefire.booter.ForkedBooter.execute(ForkedBooter.java:126)\r\n\tat org.apache.maven.surefire.booter.ForkedBooter.main(ForkedBooter.java:418)\r\n"},"stage":"finished","description":"","steps":[{"name":"Signin to the SCT Application web page","status":"failed","statusDetails":{"known":false,"muted":false,"flaky":false,"message":"Set text on Locator 'LoginLocators/LoginInput' - [//input[@type='email']] failed. Details: com.microsoft.playwright.TimeoutError: Error {\n  message='Timeout 30000ms exceeded.\n=========================== logs ===========================\nwaiting for locator(\"xpath=//input[@type='email']\")\n============================================================\n  name='TimeoutError\n  stack='TimeoutError: Timeout 30000ms exceeded.\n=========================== logs ===========================\nwaiting for locator(\"xpath=//input[@type='email']\")\n============================================================\n    at ProgressController.run (C:\\Users\\VoTha\\AppData\\Local\\Temp\\playwright-java-403703909782209034\\package\\lib\\server\\progress.js:88:26)\n    at Frame.fill (C:\\Users\\VoTha\\AppData\\Local\\Temp\\playwright-java-403703909782209034\\package\\lib\\server\\frames.js:1055:23)\n    at FrameDispatcher.fill (C:\\Users\\VoTha\\AppData\\Local\\Temp\\playwright-java-403703909782209034\\package\\lib\\server\\dispatchers\\frameDispatcher.js:161:30)\n    at DispatcherConnection.dispatch (C:\\Users\\VoTha\\AppData\\Local\\Temp\\playwright-java-403703909782209034\\package\\lib\\server\\dispatchers\\dispatcher.js:319:46)\n}","trace":"java.lang.AssertionError: Set text on Locator 'LoginLocators/LoginInput' - [//input[@type='email']] failed. Details: com.microsoft.playwright.TimeoutError: Error {\n  message='Timeout 30000ms exceeded.\n=========================== logs ===========================\nwaiting for locator(\"xpath=//input[@type='email']\")\n============================================================\n  name='TimeoutError\n  stack='TimeoutError: Timeout 30000ms exceeded.\n=========================== logs ===========================\nwaiting for locator(\"xpath=//input[@type='email']\")\n============================================================\n    at ProgressController.run (C:\\Users\\VoTha\\AppData\\Local\\Temp\\playwright-java-403703909782209034\\package\\lib\\server\\progress.js:88:26)\n    at Frame.fill (C:\\Users\\VoTha\\AppData\\Local\\Temp\\playwright-java-403703909782209034\\package\\lib\\server\\frames.js:1055:23)\n    at FrameDispatcher.fill (C:\\Users\\VoTha\\AppData\\Local\\Temp\\playwright-java-403703909782209034\\package\\lib\\server\\dispatchers\\frameDispatcher.js:161:30)\n    at DispatcherConnection.dispatch (C:\\Users\\VoTha\\AppData\\Local\\Temp\\playwright-java-403703909782209034\\package\\lib\\server\\dispatchers\\dispatcher.js:319:46)\n}\r\n\tat org.testng.Assert.fail(Assert.java:111)\r\n\tat com.icon.sct.utils.Loggers.lambda$failed$3(Loggers.java:118)\r\n\tat io.qameta.allure.Allure.lambda$step$0(Allure.java:113)\r\n\tat io.qameta.allure.Allure.lambda$step$1(Allure.java:127)\r\n\tat io.qameta.allure.Allure.step(Allure.java:181)\r\n\tat io.qameta.allure.Allure.step(Allure.java:125)\r\n\tat io.qameta.allure.Allure.step(Allure.java:112)\r\n\tat com.icon.sct.utils.Loggers.failed(Loggers.java:117)\r\n\tat com.icon.sct.utils.PlaywrightActions.setText(PlaywrightActions.java:567)\r\n\tat com.icon.sct.pages.LoginPage.signIn(LoginPage.java:40)\r\n\tat com.icon.sct.pages.LoginPage.signIn(LoginPage.java:29)\r\n\tat com.icon.sct.base.BaseTest.testSetup(BaseTest.java:107)\r\n\tat java.base/jdk.internal.reflect.DirectMethodHandleAccessor.invoke(DirectMethodHandleAccessor.java:103)\r\n\tat java.base/java.lang.reflect.Method.invoke(Method.java:580)\r\n\tat org.testng.internal.invokers.MethodInvocationHelper.invokeMethod(MethodInvocationHelper.java:139)\r\n\tat org.testng.internal.invokers.MethodInvocationHelper.invokeMethodConsideringTimeout(MethodInvocationHelper.java:69)\r\n\tat org.testng.internal.invokers.ConfigInvoker.invokeConfigurationMethod(ConfigInvoker.java:390)\r\n\tat org.testng.internal.invokers.ConfigInvoker.invokeConfigurations(ConfigInvoker.java:325)\r\n\tat org.testng.internal.invokers.TestInvoker.runConfigMethods(TestInvoker.java:810)\r\n\tat org.testng.internal.invokers.TestInvoker.invokeMethod(TestInvoker.java:577)\r\n\tat org.testng.internal.invokers.TestInvoker.invokeTestMethod(TestInvoker.java:227)\r\n\tat org.testng.internal.invokers.MethodRunner.runInSequence(MethodRunner.java:50)\r\n\tat org.testng.internal.invokers.TestInvoker$MethodInvocationAgent.invoke(TestInvoker.java:957)\r\n\tat org.testng.internal.invokers.TestInvoker.invokeTestMethods(TestInvoker.java:200)\r\n\tat org.testng.internal.invokers.TestMethodWorker.invokeTestMethods(TestMethodWorker.java:148)\r\n\tat org.testng.internal.invokers.TestMethodWorker.run(TestMethodWorker.java:128)\r\n\tat java.base/java.util.ArrayList.forEach(ArrayList.java:1597)\r\n\tat org.testng.TestRunner.privateRun(TestRunner.java:848)\r\n\tat org.testng.TestRunner.run(TestRunner.java:621)\r\n\tat org.testng.SuiteRunner.runTest(SuiteRunner.java:443)\r\n\tat org.testng.SuiteRunner.runSequentially(SuiteRunner.java:437)\r\n\tat org.testng.SuiteRunner.privateRun(SuiteRunner.java:397)\r\n\tat org.testng.SuiteRunner.run(SuiteRunner.java:336)\r\n\tat org.testng.SuiteRunnerWorker.runSuite(SuiteRunnerWorker.java:52)\r\n\tat org.testng.SuiteRunnerWorker.run(SuiteRunnerWorker.java:95)\r\n\tat org.testng.TestNG.runSuitesSequentially(TestNG.java:1280)\r\n\tat org.testng.TestNG.runSuitesLocally(TestNG.java:1200)\r\n\tat org.testng.TestNG.runSuites(TestNG.java:1114)\r\n\tat org.testng.TestNG.run(TestNG.java:1082)\r\n\tat org.apache.maven.surefire.testng.TestNGExecutor.run(TestNGExecutor.java:135)\r\n\tat org.apache.maven.surefire.testng.TestNGDirectoryTestSuite.executeSingleClass(TestNGDirectoryTestSuite.java:112)\r\n\tat org.apache.maven.surefire.testng.TestNGDirectoryTestSuite.execute(TestNGDirectoryTestSuite.java:99)\r\n\tat org.apache.maven.surefire.testng.TestNGProvider.invoke(TestNGProvider.java:146)\r\n\tat org.apache.maven.surefire.booter.ForkedBooter.invokeProviderInSameClassLoader(ForkedBooter.java:384)\r\n\tat org.apache.maven.surefire.booter.ForkedBooter.runSuitesInProcess(ForkedBooter.java:345)\r\n\tat org.apache.maven.surefire.booter.ForkedBooter.execute(ForkedBooter.java:126)\r\n\tat org.apache.maven.surefire.booter.ForkedBooter.main(ForkedBooter.java:418)\r\n"},"stage":"finished","steps":[{"name":"[19:46:18 FAILED] - Set text on Locator 'LoginLocators/LoginInput' - [//input[@type='email']] failed. Details: com.microsoft.playwright.TimeoutError: Error {\n  message='Timeout 30000ms exceeded.\n=========================== logs ===========================\nwaiting for locator(\"xpath=//input[@type='email']\")\n============================================================\n  name='TimeoutError\n  stack='TimeoutError: Timeout 30000ms exceeded.\n=========================== logs ===========================\nwaiting for locator(\"xpath=//input[@type='email']\")\n============================================================\n    at ProgressController.run (C:\\Users\\VoTha\\AppData\\Local\\Temp\\playwright-java-403703909782209034\\package\\lib\\server\\progress.js:88:26)\n    at Frame.fill (C:\\Users\\VoTha\\AppData\\Local\\Temp\\playwright-java-403703909782209034\\package\\lib\\server\\frames.js:1055:23)\n    at FrameDispatcher.fill (C:\\Users\\VoTha\\AppData\\Local\\Temp\\playwright-java-403703909782209034\\package\\lib\\server\\dispatchers\\frameDispatcher.js:161:30)\n    at DispatcherConnection.dispatch (C:\\Users\\VoTha\\AppData\\Local\\Temp\\playwright-java-403703909782209034\\package\\lib\\server\\dispatchers\\dispatcher.js:319:46)\n}","status":"failed","statusDetails":{"known":false,"muted":false,"flaky":false,"message":"Set text on Locator 'LoginLocators/LoginInput' - [//input[@type='email']] failed. Details: com.microsoft.playwright.TimeoutError: Error {\n  message='Timeout 30000ms exceeded.\n=========================== logs ===========================\nwaiting for locator(\"xpath=//input[@type='email']\")\n============================================================\n  name='TimeoutError\n  stack='TimeoutError: Timeout 30000ms exceeded.\n=========================== logs ===========================\nwaiting for locator(\"xpath=//input[@type='email']\")\n============================================================\n    at ProgressController.run (C:\\Users\\VoTha\\AppData\\Local\\Temp\\playwright-java-403703909782209034\\package\\lib\\server\\progress.js:88:26)\n    at Frame.fill (C:\\Users\\VoTha\\AppData\\Local\\Temp\\playwright-java-403703909782209034\\package\\lib\\server\\frames.js:1055:23)\n    at FrameDispatcher.fill (C:\\Users\\VoTha\\AppData\\Local\\Temp\\playwright-java-403703909782209034\\package\\lib\\server\\dispatchers\\frameDispatcher.js:161:30)\n    at DispatcherConnection.dispatch (C:\\Users\\VoTha\\AppData\\Local\\Temp\\playwright-java-403703909782209034\\package\\lib\\server\\dispatchers\\dispatcher.js:319:46)\n}","trace":"java.lang.AssertionError: Set text on Locator 'LoginLocators/LoginInput' - [//input[@type='email']] failed. Details: com.microsoft.playwright.TimeoutError: Error {\n  message='Timeout 30000ms exceeded.\n=========================== logs ===========================\nwaiting for locator(\"xpath=//input[@type='email']\")\n============================================================\n  name='TimeoutError\n  stack='TimeoutError: Timeout 30000ms exceeded.\n=========================== logs ===========================\nwaiting for locator(\"xpath=//input[@type='email']\")\n============================================================\n    at ProgressController.run (C:\\Users\\VoTha\\AppData\\Local\\Temp\\playwright-java-403703909782209034\\package\\lib\\server\\progress.js:88:26)\n    at Frame.fill (C:\\Users\\VoTha\\AppData\\Local\\Temp\\playwright-java-403703909782209034\\package\\lib\\server\\frames.js:1055:23)\n    at FrameDispatcher.fill (C:\\Users\\VoTha\\AppData\\Local\\Temp\\playwright-java-403703909782209034\\package\\lib\\server\\dispatchers\\frameDispatcher.js:161:30)\n    at DispatcherConnection.dispatch (C:\\Users\\VoTha\\AppData\\Local\\Temp\\playwright-java-403703909782209034\\package\\lib\\server\\dispatchers\\dispatcher.js:319:46)\n}\r\n\tat org.testng.Assert.fail(Assert.java:111)\r\n\tat com.icon.sct.utils.Loggers.lambda$failed$3(Loggers.java:118)\r\n\tat io.qameta.allure.Allure.lambda$step$0(Allure.java:113)\r\n\tat io.qameta.allure.Allure.lambda$step$1(Allure.java:127)\r\n\tat io.qameta.allure.Allure.step(Allure.java:181)\r\n\tat io.qameta.allure.Allure.step(Allure.java:125)\r\n\tat io.qameta.allure.Allure.step(Allure.java:112)\r\n\tat com.icon.sct.utils.Loggers.failed(Loggers.java:117)\r\n\tat com.icon.sct.utils.PlaywrightActions.setText(PlaywrightActions.java:567)\r\n\tat com.icon.sct.pages.LoginPage.signIn(LoginPage.java:40)\r\n\tat com.icon.sct.pages.LoginPage.signIn(LoginPage.java:29)\r\n\tat com.icon.sct.base.BaseTest.testSetup(BaseTest.java:107)\r\n\tat java.base/jdk.internal.reflect.DirectMethodHandleAccessor.invoke(DirectMethodHandleAccessor.java:103)\r\n\tat java.base/java.lang.reflect.Method.invoke(Method.java:580)\r\n\tat org.testng.internal.invokers.MethodInvocationHelper.invokeMethod(MethodInvocationHelper.java:139)\r\n\tat org.testng.internal.invokers.MethodInvocationHelper.invokeMethodConsideringTimeout(MethodInvocationHelper.java:69)\r\n\tat org.testng.internal.invokers.ConfigInvoker.invokeConfigurationMethod(ConfigInvoker.java:390)\r\n\tat org.testng.internal.invokers.ConfigInvoker.invokeConfigurations(ConfigInvoker.java:325)\r\n\tat org.testng.internal.invokers.TestInvoker.runConfigMethods(TestInvoker.java:810)\r\n\tat org.testng.internal.invokers.TestInvoker.invokeMethod(TestInvoker.java:577)\r\n\tat org.testng.internal.invokers.TestInvoker.invokeTestMethod(TestInvoker.java:227)\r\n\tat org.testng.internal.invokers.MethodRunner.runInSequence(MethodRunner.java:50)\r\n\tat org.testng.internal.invokers.TestInvoker$MethodInvocationAgent.invoke(TestInvoker.java:957)\r\n\tat org.testng.internal.invokers.TestInvoker.invokeTestMethods(TestInvoker.java:200)\r\n\tat org.testng.internal.invokers.TestMethodWorker.invokeTestMethods(TestMethodWorker.java:148)\r\n\tat org.testng.internal.invokers.TestMethodWorker.run(TestMethodWorker.java:128)\r\n\tat java.base/java.util.ArrayList.forEach(ArrayList.java:1597)\r\n\tat org.testng.TestRunner.privateRun(TestRunner.java:848)\r\n\tat org.testng.TestRunner.run(TestRunner.java:621)\r\n\tat org.testng.SuiteRunner.runTest(SuiteRunner.java:443)\r\n\tat org.testng.SuiteRunner.runSequentially(SuiteRunner.java:437)\r\n\tat org.testng.SuiteRunner.privateRun(SuiteRunner.java:397)\r\n\tat org.testng.SuiteRunner.run(SuiteRunner.java:336)\r\n\tat org.testng.SuiteRunnerWorker.runSuite(SuiteRunnerWorker.java:52)\r\n\tat org.testng.SuiteRunnerWorker.run(SuiteRunnerWorker.java:95)\r\n\tat org.testng.TestNG.runSuitesSequentially(TestNG.java:1280)\r\n\tat org.testng.TestNG.runSuitesLocally(TestNG.java:1200)\r\n\tat org.testng.TestNG.runSuites(TestNG.java:1114)\r\n\tat org.testng.TestNG.run(TestNG.java:1082)\r\n\tat org.apache.maven.surefire.testng.TestNGExecutor.run(TestNGExecutor.java:135)\r\n\tat org.apache.maven.surefire.testng.TestNGDirectoryTestSuite.executeSingleClass(TestNGDirectoryTestSuite.java:112)\r\n\tat org.apache.maven.surefire.testng.TestNGDirectoryTestSuite.execute(TestNGDirectoryTestSuite.java:99)\r\n\tat org.apache.maven.surefire.testng.TestNGProvider.invoke(TestNGProvider.java:146)\r\n\tat org.apache.maven.surefire.booter.ForkedBooter.invokeProviderInSameClassLoader(ForkedBooter.java:384)\r\n\tat org.apache.maven.surefire.booter.ForkedBooter.runSuitesInProcess(ForkedBooter.java:345)\r\n\tat org.apache.maven.surefire.booter.ForkedBooter.execute(ForkedBooter.java:126)\r\n\tat org.apache.maven.surefire.booter.ForkedBooter.main(ForkedBooter.java:418)\r\n"},"stage":"finished","steps":[],"attachments":[],"parameters":[],"start":1758113178483,"stop":1758113178483},{"name":"Screenshot","stage":"finished","steps":[],"attachments":[{"name":"SCT_x.x.x.x-2_addSecondProjectProtocol_SS01","source":"59c9ddde-7eb6-4dcf-92c7-47d8906f38a5-attachment"}],"parameters":[],"start":1758113178483,"stop":1758113178748}],"attachments":[{"name":"Step Execution Logs - Signin to the SCT Application web page","source":"cf7a315e-dfd0-4b3e-aa86-cb2876a30b3c-attachment.txt","type":"text/plain"}],"parameters":[{"name":"url","value":"https://sctdrun.iconcr.com/"},{"name":"email","value":"tham.vo@iconplc.com"},{"name":"username","value":"VoTha"},{"name":"password","value":"wFWVfX3Nv3XnYlm9C4UEUw==","excluded":false,"mode":"masked"}],"start":1758113143632,"stop":1758113178751}],"attachments":[],"parameters":[],"start":1758113143616,"stop":1758113178752}],"afters":[],"start":1758113143615,"stop":1758113178752}