{"uuid":"154c981b-a384-4cdb-9abd-84bbe86ebe2d","historyId":"cfae1a005b97d61916cf79f66a47a67c","fullName":"com.icon.forwardplus.tests.SimpleTest.simpleTest","labels":[{"name":"package","value":"com.icon.forwardplus.tests.SimpleTest"},{"name":"testClass","value":"com.icon.forwardplus.tests.SimpleTest"},{"name":"testMethod","value":"simpleTest"},{"name":"parentSuite","value":"Default Suite"},{"name":"suite","value":"TestNGTest-74830606-4b1a-4ff6-96ec-d0f82bdf7433"},{"name":"subSuite","value":"com.icon.forwardplus.tests.SimpleTest"},{"name":"host","value":"EU-XDMDP10-0389"},{"name":"thread","value":"6996@EU-XDMDP10-0389.main(1)"},{"name":"framework","value":"testng"},{"name":"language","value":"java"},{"name":"feature","value":"SCT v3.6"},{"name":"tag","value":"SCT v3.6"},{"name":"feature","value":"3.x.x"},{"name":"tag","value":"3.x.x"}],"links":[],"name":"[SP0151-xxxx] 3.x.x - Simple Test","status":"skipped","statusDetails":{"known":false,"muted":false,"flaky":false,"message":"Error {\n  message='Execution context was destroyed, most likely because of a navigation\n  name='Error\n  stack='Error: Execution context was destroyed, most likely because of a navigation\n    at Frame._contextDestroyed (C:\\Users\\VoTha\\AppData\\Local\\Temp\\playwright-java-6093215136641172785\\package\\lib\\server\\frames.js:1471:30)\n    at FrameSession._onExecutionContextDestroyed (C:\\Users\\VoTha\\AppData\\Local\\Temp\\playwright-java-6093215136641172785\\package\\lib\\server\\chromium\\crPage.js:600:19)\n    at FrameSession._onExecutionContextsCleared (C:\\Users\\VoTha\\AppData\\Local\\Temp\\playwright-java-6093215136641172785\\package\\lib\\server\\chromium\\crPage.js:603:79)\n    at CRSession.<anonymous> (C:\\Users\\VoTha\\AppData\\Local\\Temp\\playwright-java-6093215136641172785\\package\\lib\\server\\chromium\\crPage.js:385:1955)\n    at CRSession.emit (node:events:513:28)\n    at C:\\Users\\VoTha\\AppData\\Local\\Temp\\playwright-java-6093215136641172785\\package\\lib\\server\\chromium\\crConnection.js:190:14\n}","trace":"com.microsoft.playwright.PlaywrightException: Error {\n  message='Execution context was destroyed, most likely because of a navigation\n  name='Error\n  stack='Error: Execution context was destroyed, most likely because of a navigation\n    at Frame._contextDestroyed (C:\\Users\\VoTha\\AppData\\Local\\Temp\\playwright-java-6093215136641172785\\package\\lib\\server\\frames.js:1471:30)\n    at FrameSession._onExecutionContextDestroyed (C:\\Users\\VoTha\\AppData\\Local\\Temp\\playwright-java-6093215136641172785\\package\\lib\\server\\chromium\\crPage.js:600:19)\n    at FrameSession._onExecutionContextsCleared (C:\\Users\\VoTha\\AppData\\Local\\Temp\\playwright-java-6093215136641172785\\package\\lib\\server\\chromium\\crPage.js:603:79)\n    at CRSession.<anonymous> (C:\\Users\\VoTha\\AppData\\Local\\Temp\\playwright-java-6093215136641172785\\package\\lib\\server\\chromium\\crPage.js:385:1955)\n    at CRSession.emit (node:events:513:28)\n    at C:\\Users\\VoTha\\AppData\\Local\\Temp\\playwright-java-6093215136641172785\\package\\lib\\server\\chromium\\crConnection.js:190:14\n}\r\n\tat com.microsoft.playwright.impl.WaitableResult.get(WaitableResult.java:54)\r\n\tat com.microsoft.playwright.impl.ChannelOwner.runUntil(ChannelOwner.java:111)\r\n\tat com.microsoft.playwright.impl.Connection.sendMessage(Connection.java:119)\r\n\tat com.microsoft.playwright.impl.ChannelOwner.sendMessage(ChannelOwner.java:102)\r\n\tat com.microsoft.playwright.impl.FrameImpl.queryCount(FrameImpl.java:1120)\r\n\tat com.microsoft.playwright.impl.LocatorImpl.count(LocatorImpl.java:128)\r\n\tat com.icon.forwardplus.utils.PlaywrightActions.checkLocatorPresent(PlaywrightActions.java:310)\r\n\tat com.icon.forwardplus.utils.PlaywrightActions.checkLocatorPresent(PlaywrightActions.java:332)\r\n\tat com.icon.forwardplus.pages.HomePage.verifyThatLoginSuccessfully(HomePage.java:27)\r\n\tat com.icon.forwardplus.base.BaseTest.testSetup(BaseTest.java:152)\r\n\tat java.base/jdk.internal.reflect.DirectMethodHandleAccessor.invoke(DirectMethodHandleAccessor.java:103)\r\n\tat java.base/java.lang.reflect.Method.invoke(Method.java:580)\r\n\tat org.testng.internal.invokers.MethodInvocationHelper.invokeMethod(MethodInvocationHelper.java:139)\r\n\tat org.testng.internal.invokers.MethodInvocationHelper.invokeMethodConsideringTimeout(MethodInvocationHelper.java:69)\r\n\tat org.testng.internal.invokers.ConfigInvoker.invokeConfigurationMethod(ConfigInvoker.java:390)\r\n\tat org.testng.internal.invokers.ConfigInvoker.invokeConfigurations(ConfigInvoker.java:325)\r\n\tat org.testng.internal.invokers.TestInvoker.runConfigMethods(TestInvoker.java:810)\r\n\tat org.testng.internal.invokers.TestInvoker.invokeMethod(TestInvoker.java:577)\r\n\tat org.testng.internal.invokers.TestInvoker.invokeTestMethod(TestInvoker.java:227)\r\n\tat org.testng.internal.invokers.MethodRunner.runInSequence(MethodRunner.java:50)\r\n\tat org.testng.internal.invokers.TestInvoker$MethodInvocationAgent.invoke(TestInvoker.java:957)\r\n\tat org.testng.internal.invokers.TestInvoker.invokeTestMethods(TestInvoker.java:200)\r\n\tat org.testng.internal.invokers.TestMethodWorker.invokeTestMethods(TestMethodWorker.java:148)\r\n\tat org.testng.internal.invokers.TestMethodWorker.run(TestMethodWorker.java:128)\r\n\tat java.base/java.util.ArrayList.forEach(ArrayList.java:1597)\r\n\tat org.testng.TestRunner.privateRun(TestRunner.java:848)\r\n\tat org.testng.TestRunner.run(TestRunner.java:621)\r\n\tat org.testng.SuiteRunner.runTest(SuiteRunner.java:443)\r\n\tat org.testng.SuiteRunner.runSequentially(SuiteRunner.java:437)\r\n\tat org.testng.SuiteRunner.privateRun(SuiteRunner.java:397)\r\n\tat org.testng.SuiteRunner.run(SuiteRunner.java:336)\r\n\tat org.testng.SuiteRunnerWorker.runSuite(SuiteRunnerWorker.java:52)\r\n\tat org.testng.SuiteRunnerWorker.run(SuiteRunnerWorker.java:95)\r\n\tat org.testng.TestNG.runSuitesSequentially(TestNG.java:1280)\r\n\tat org.testng.TestNG.runSuitesLocally(TestNG.java:1200)\r\n\tat org.testng.TestNG.runSuites(TestNG.java:1114)\r\n\tat org.testng.TestNG.run(TestNG.java:1082)\r\n\tat com.microsoft.java.test.runner.testng.TestNGRunner.run(TestNGRunner.java:45)\r\n\tat com.microsoft.java.test.runner.testng.TestNGLauncher.execute(TestNGLauncher.java:32)\r\n\tat com.microsoft.java.test.runner.Launcher.main(Launcher.java:57)\r\nCaused by: com.microsoft.playwright.impl.DriverException: Error {\n  message='Execution context was destroyed, most likely because of a navigation\n  name='Error\n  stack='Error: Execution context was destroyed, most likely because of a navigation\n    at Frame._contextDestroyed (C:\\Users\\VoTha\\AppData\\Local\\Temp\\playwright-java-6093215136641172785\\package\\lib\\server\\frames.js:1471:30)\n    at FrameSession._onExecutionContextDestroyed (C:\\Users\\VoTha\\AppData\\Local\\Temp\\playwright-java-6093215136641172785\\package\\lib\\server\\chromium\\crPage.js:600:19)\n    at FrameSession._onExecutionContextsCleared (C:\\Users\\VoTha\\AppData\\Local\\Temp\\playwright-java-6093215136641172785\\package\\lib\\server\\chromium\\crPage.js:603:79)\n    at CRSession.<anonymous> (C:\\Users\\VoTha\\AppData\\Local\\Temp\\playwright-java-6093215136641172785\\package\\lib\\server\\chromium\\crPage.js:385:1955)\n    at CRSession.emit (node:events:513:28)\n    at C:\\Users\\VoTha\\AppData\\Local\\Temp\\playwright-java-6093215136641172785\\package\\lib\\server\\chromium\\crConnection.js:190:14\n}\r\n\tat com.microsoft.playwright.impl.Connection.dispatch(Connection.java:201)\r\n\tat com.microsoft.playwright.impl.Connection.processOneMessage(Connection.java:181)\r\n\tat com.microsoft.playwright.impl.ChannelOwner.runUntil(ChannelOwner.java:109)\r\n\t... 38 more\r\n"},"stage":"finished","description":"[Test started at: 2025-09-04 09:45:31]","steps":[],"attachments":[],"parameters":[],"start":1756953931135,"stop":1756953931136}