{"uuid":"57d4c515-a4e5-48b2-be89-b7dbe70a5517","name":"com.icon.forwardplus.base.BaseTest.testSetup","children":["da24e312-f1b1-4699-bf09-e1f8303d349c"],"description":"","befores":[{"name":"testSetup","status":"broken","statusDetails":{"known":false,"muted":false,"flaky":false,"message":"Error {\n  message='Execution context was destroyed, most likely because of a navigation\n  name='Error\n  stack='Error: Execution context was destroyed, most likely because of a navigation\n    at Frame._contextDestroyed (C:\\Users\\VoTha\\AppData\\Local\\Temp\\playwright-java-5145197414446114108\\package\\lib\\server\\frames.js:1471:30)\n    at FrameSession._onExecutionContextDestroyed (C:\\Users\\VoTha\\AppData\\Local\\Temp\\playwright-java-5145197414446114108\\package\\lib\\server\\chromium\\crPage.js:600:19)\n    at FrameSession._onExecutionContextsCleared (C:\\Users\\VoTha\\AppData\\Local\\Temp\\playwright-java-5145197414446114108\\package\\lib\\server\\chromium\\crPage.js:603:79)\n    at CRSession.<anonymous> (C:\\Users\\VoTha\\AppData\\Local\\Temp\\playwright-java-5145197414446114108\\package\\lib\\server\\chromium\\crPage.js:385:1955)\n    at CRSession.emit (node:events:513:28)\n    at C:\\Users\\VoTha\\AppData\\Local\\Temp\\playwright-java-5145197414446114108\\package\\lib\\server\\chromium\\crConnection.js:190:14\n}","trace":"com.microsoft.playwright.PlaywrightException: Error {\n  message='Execution context was destroyed, most likely because of a navigation\n  name='Error\n  stack='Error: Execution context was destroyed, most likely because of a navigation\n    at Frame._contextDestroyed (C:\\Users\\VoTha\\AppData\\Local\\Temp\\playwright-java-5145197414446114108\\package\\lib\\server\\frames.js:1471:30)\n    at FrameSession._onExecutionContextDestroyed (C:\\Users\\VoTha\\AppData\\Local\\Temp\\playwright-java-5145197414446114108\\package\\lib\\server\\chromium\\crPage.js:600:19)\n    at FrameSession._onExecutionContextsCleared (C:\\Users\\VoTha\\AppData\\Local\\Temp\\playwright-java-5145197414446114108\\package\\lib\\server\\chromium\\crPage.js:603:79)\n    at CRSession.<anonymous> (C:\\Users\\VoTha\\AppData\\Local\\Temp\\playwright-java-5145197414446114108\\package\\lib\\server\\chromium\\crPage.js:385:1955)\n    at CRSession.emit (node:events:513:28)\n    at C:\\Users\\VoTha\\AppData\\Local\\Temp\\playwright-java-5145197414446114108\\package\\lib\\server\\chromium\\crConnection.js:190:14\n}\r\n\tat com.microsoft.playwright.impl.WaitableResult.get(WaitableResult.java:54)\r\n\tat com.microsoft.playwright.impl.ChannelOwner.runUntil(ChannelOwner.java:111)\r\n\tat com.microsoft.playwright.impl.Connection.sendMessage(Connection.java:119)\r\n\tat com.microsoft.playwright.impl.ChannelOwner.sendMessage(ChannelOwner.java:102)\r\n\tat com.microsoft.playwright.impl.FrameImpl.queryCount(FrameImpl.java:1120)\r\n\tat com.microsoft.playwright.impl.LocatorImpl.count(LocatorImpl.java:128)\r\n\tat com.icon.forwardplus.utils.PlaywrightActions.checkLocatorPresent(PlaywrightActions.java:310)\r\n\tat com.icon.forwardplus.utils.PlaywrightActions.checkLocatorPresent(PlaywrightActions.java:332)\r\n\tat com.icon.forwardplus.pages.HomePage.verifyThatLoginSuccessfully(HomePage.java:26)\r\n\tat com.icon.forwardplus.base.BaseTest.testSetup(BaseTest.java:152)\r\n\tat java.base/jdk.internal.reflect.DirectMethodHandleAccessor.invoke(DirectMethodHandleAccessor.java:103)\r\n\tat java.base/java.lang.reflect.Method.invoke(Method.java:580)\r\n\tat org.testng.internal.invokers.MethodInvocationHelper.invokeMethod(MethodInvocationHelper.java:139)\r\n\tat org.testng.internal.invokers.MethodInvocationHelper.invokeMethodConsideringTimeout(MethodInvocationHelper.java:69)\r\n\tat org.testng.internal.invokers.ConfigInvoker.invokeConfigurationMethod(ConfigInvoker.java:390)\r\n\tat org.testng.internal.invokers.ConfigInvoker.invokeConfigurations(ConfigInvoker.java:325)\r\n\tat org.testng.internal.invokers.TestInvoker.runConfigMethods(TestInvoker.java:810)\r\n\tat org.testng.internal.invokers.TestInvoker.invokeMethod(TestInvoker.java:577)\r\n\tat org.testng.internal.invokers.TestInvoker.invokeTestMethod(TestInvoker.java:227)\r\n\tat org.testng.internal.invokers.MethodRunner.runInSequence(MethodRunner.java:50)\r\n\tat org.testng.internal.invokers.TestInvoker$MethodInvocationAgent.invoke(TestInvoker.java:957)\r\n\tat org.testng.internal.invokers.TestInvoker.invokeTestMethods(TestInvoker.java:200)\r\n\tat org.testng.internal.invokers.TestMethodWorker.invokeTestMethods(TestMethodWorker.java:148)\r\n\tat org.testng.internal.invokers.TestMethodWorker.run(TestMethodWorker.java:128)\r\n\tat java.base/java.util.ArrayList.forEach(ArrayList.java:1597)\r\n\tat org.testng.TestRunner.privateRun(TestRunner.java:848)\r\n\tat org.testng.TestRunner.run(TestRunner.java:621)\r\n\tat org.testng.SuiteRunner.runTest(SuiteRunner.java:443)\r\n\tat org.testng.SuiteRunner.runSequentially(SuiteRunner.java:437)\r\n\tat org.testng.SuiteRunner.privateRun(SuiteRunner.java:397)\r\n\tat org.testng.SuiteRunner.run(SuiteRunner.java:336)\r\n\tat org.testng.SuiteRunnerWorker.runSuite(SuiteRunnerWorker.java:52)\r\n\tat org.testng.SuiteRunnerWorker.run(SuiteRunnerWorker.java:95)\r\n\tat org.testng.TestNG.runSuitesSequentially(TestNG.java:1280)\r\n\tat org.testng.TestNG.runSuitesLocally(TestNG.java:1200)\r\n\tat org.testng.TestNG.runSuites(TestNG.java:1114)\r\n\tat org.testng.TestNG.run(TestNG.java:1082)\r\n\tat com.microsoft.java.test.runner.testng.TestNGRunner.run(TestNGRunner.java:45)\r\n\tat com.microsoft.java.test.runner.testng.TestNGLauncher.execute(TestNGLauncher.java:32)\r\n\tat com.microsoft.java.test.runner.Launcher.main(Launcher.java:57)\r\nCaused by: com.microsoft.playwright.impl.DriverException: Error {\n  message='Execution context was destroyed, most likely because of a navigation\n  name='Error\n  stack='Error: Execution context was destroyed, most likely because of a navigation\n    at Frame._contextDestroyed (C:\\Users\\VoTha\\AppData\\Local\\Temp\\playwright-java-5145197414446114108\\package\\lib\\server\\frames.js:1471:30)\n    at FrameSession._onExecutionContextDestroyed (C:\\Users\\VoTha\\AppData\\Local\\Temp\\playwright-java-5145197414446114108\\package\\lib\\server\\chromium\\crPage.js:600:19)\n    at FrameSession._onExecutionContextsCleared (C:\\Users\\VoTha\\AppData\\Local\\Temp\\playwright-java-5145197414446114108\\package\\lib\\server\\chromium\\crPage.js:603:79)\n    at CRSession.<anonymous> (C:\\Users\\VoTha\\AppData\\Local\\Temp\\playwright-java-5145197414446114108\\package\\lib\\server\\chromium\\crPage.js:385:1955)\n    at CRSession.emit (node:events:513:28)\n    at C:\\Users\\VoTha\\AppData\\Local\\Temp\\playwright-java-5145197414446114108\\package\\lib\\server\\chromium\\crConnection.js:190:14\n}\r\n\tat com.microsoft.playwright.impl.Connection.dispatch(Connection.java:201)\r\n\tat com.microsoft.playwright.impl.Connection.processOneMessage(Connection.java:181)\r\n\tat com.microsoft.playwright.impl.ChannelOwner.runUntil(ChannelOwner.java:109)\r\n\t... 38 more\r\n"},"stage":"finished","description":"","steps":[{"name":"[12:10:30 PASSED] - Signed in to the ACT Application web page","status":"passed","stage":"finished","steps":[],"attachments":[],"parameters":[],"start":1747458630366,"stop":1747458630366}],"attachments":[],"parameters":[],"start":1747458627660,"stop":1747458633456}],"afters":[],"start":1747458627660,"stop":1747458633456}