{"uuid":"883a8e65-46cb-43e1-8a71-1f21da5feb66","name":"com.icon.forwardplus.base.BaseTest.testSetup","children":["1fae76e9-4c78-4b38-a929-22b762b06e04"],"description":"","befores":[{"name":"testSetup","status":"failed","statusDetails":{"known":false,"muted":false,"flaky":false,"message":"Set text on Locator 'LoginLocators/LoginInput' - [//*[@id=\"i0116\"]] failed. Details: com.microsoft.playwright.PlaywrightException: Error {\n  message='Target page, context or browser has been closed\n  name='Error\n  stack='Error: Target page, context or browser has been closed\n    at DispatcherConnection.dispatch (C:\\Users\\VoTha\\AppData\\Local\\Temp\\playwright-java-5140480692616016175\\package\\lib\\server\\dispatchers\\dispatcher.js:232:49)\n    at transport.onmessage (C:\\Users\\VoTha\\AppData\\Local\\Temp\\playwright-java-5140480692616016175\\package\\lib\\cli\\driver.js:50:57)\n    at Immediate._onImmediate (C:\\Users\\VoTha\\AppData\\Local\\Temp\\playwright-java-5140480692616016175\\package\\lib\\protocol\\transport.js:77:34)\n    at process.processImmediate (node:internal/timers:476:21)\n}","trace":"java.lang.AssertionError: Set text on Locator 'LoginLocators/LoginInput' - [//*[@id=\"i0116\"]] failed. Details: com.microsoft.playwright.PlaywrightException: Error {\n  message='Target page, context or browser has been closed\n  name='Error\n  stack='Error: Target page, context or browser has been closed\n    at DispatcherConnection.dispatch (C:\\Users\\VoTha\\AppData\\Local\\Temp\\playwright-java-5140480692616016175\\package\\lib\\server\\dispatchers\\dispatcher.js:232:49)\n    at transport.onmessage (C:\\Users\\VoTha\\AppData\\Local\\Temp\\playwright-java-5140480692616016175\\package\\lib\\cli\\driver.js:50:57)\n    at Immediate._onImmediate (C:\\Users\\VoTha\\AppData\\Local\\Temp\\playwright-java-5140480692616016175\\package\\lib\\protocol\\transport.js:77:34)\n    at process.processImmediate (node:internal/timers:476:21)\n}\r\n\tat org.testng.Assert.fail(Assert.java:111)\r\n\tat com.icon.forwardplus.utils.Loggers.lambda$failed$3(Loggers.java:118)\r\n\tat io.qameta.allure.Allure.lambda$step$0(Allure.java:113)\r\n\tat io.qameta.allure.Allure.lambda$step$1(Allure.java:127)\r\n\tat io.qameta.allure.Allure.step(Allure.java:181)\r\n\tat io.qameta.allure.Allure.step(Allure.java:125)\r\n\tat io.qameta.allure.Allure.step(Allure.java:112)\r\n\tat com.icon.forwardplus.utils.Loggers.failed(Loggers.java:117)\r\n\tat com.icon.forwardplus.utils.PlaywrightActions.setText(PlaywrightActions.java:567)\r\n\tat com.icon.forwardplus.pages.LoginPage.signIn(LoginPage.java:40)\r\n\tat com.icon.forwardplus.pages.LoginPage.signIn(LoginPage.java:29)\r\n\tat com.icon.forwardplus.base.BaseTest.testSetup(BaseTest.java:151)\r\n\tat java.base/jdk.internal.reflect.DirectMethodHandleAccessor.invoke(DirectMethodHandleAccessor.java:103)\r\n\tat java.base/java.lang.reflect.Method.invoke(Method.java:580)\r\n\tat org.testng.internal.invokers.MethodInvocationHelper.invokeMethod(MethodInvocationHelper.java:139)\r\n\tat org.testng.internal.invokers.MethodInvocationHelper.invokeMethodConsideringTimeout(MethodInvocationHelper.java:69)\r\n\tat org.testng.internal.invokers.ConfigInvoker.invokeConfigurationMethod(ConfigInvoker.java:390)\r\n\tat org.testng.internal.invokers.ConfigInvoker.invokeConfigurations(ConfigInvoker.java:325)\r\n\tat org.testng.internal.invokers.TestInvoker.runConfigMethods(TestInvoker.java:810)\r\n\tat org.testng.internal.invokers.TestInvoker.invokeMethod(TestInvoker.java:577)\r\n\tat org.testng.internal.invokers.TestInvoker.invokeTestMethod(TestInvoker.java:227)\r\n\tat org.testng.internal.invokers.MethodRunner.runInSequence(MethodRunner.java:50)\r\n\tat org.testng.internal.invokers.TestInvoker$MethodInvocationAgent.invoke(TestInvoker.java:957)\r\n\tat org.testng.internal.invokers.TestInvoker.invokeTestMethods(TestInvoker.java:200)\r\n\tat org.testng.internal.invokers.TestMethodWorker.invokeTestMethods(TestMethodWorker.java:148)\r\n\tat org.testng.internal.invokers.TestMethodWorker.run(TestMethodWorker.java:128)\r\n\tat java.base/java.util.ArrayList.forEach(ArrayList.java:1597)\r\n\tat org.testng.TestRunner.privateRun(TestRunner.java:848)\r\n\tat org.testng.TestRunner.run(TestRunner.java:621)\r\n\tat org.testng.SuiteRunner.runTest(SuiteRunner.java:443)\r\n\tat org.testng.SuiteRunner.runSequentially(SuiteRunner.java:437)\r\n\tat org.testng.SuiteRunner.privateRun(SuiteRunner.java:397)\r\n\tat org.testng.SuiteRunner.run(SuiteRunner.java:336)\r\n\tat org.testng.SuiteRunnerWorker.runSuite(SuiteRunnerWorker.java:52)\r\n\tat org.testng.SuiteRunnerWorker.run(SuiteRunnerWorker.java:95)\r\n\tat org.testng.TestNG.runSuitesSequentially(TestNG.java:1280)\r\n\tat org.testng.TestNG.runSuitesLocally(TestNG.java:1200)\r\n\tat org.testng.TestNG.runSuites(TestNG.java:1114)\r\n\tat org.testng.TestNG.run(TestNG.java:1082)\r\n\tat com.microsoft.java.test.runner.testng.TestNGRunner.run(TestNGRunner.java:45)\r\n\tat com.microsoft.java.test.runner.testng.TestNGLauncher.execute(TestNGLauncher.java:32)\r\n\tat com.microsoft.java.test.runner.Launcher.main(Launcher.java:57)\r\n"},"stage":"finished","description":"","steps":[{"name":"[10:41:05 FAILED] - Set text on Locator 'LoginLocators/LoginInput' - [//*[@id=\"i0116\"]] failed. Details: com.microsoft.playwright.PlaywrightException: Error {\n  message='Target page, context or browser has been closed\n  name='Error\n  stack='Error: Target page, context or browser has been closed\n    at DispatcherConnection.dispatch (C:\\Users\\VoTha\\AppData\\Local\\Temp\\playwright-java-5140480692616016175\\package\\lib\\server\\dispatchers\\dispatcher.js:232:49)\n    at transport.onmessage (C:\\Users\\VoTha\\AppData\\Local\\Temp\\playwright-java-5140480692616016175\\package\\lib\\cli\\driver.js:50:57)\n    at Immediate._onImmediate (C:\\Users\\VoTha\\AppData\\Local\\Temp\\playwright-java-5140480692616016175\\package\\lib\\protocol\\transport.js:77:34)\n    at process.processImmediate (node:internal/timers:476:21)\n}","status":"failed","statusDetails":{"known":false,"muted":false,"flaky":false,"message":"Set text on Locator 'LoginLocators/LoginInput' - [//*[@id=\"i0116\"]] failed. Details: com.microsoft.playwright.PlaywrightException: Error {\n  message='Target page, context or browser has been closed\n  name='Error\n  stack='Error: Target page, context or browser has been closed\n    at DispatcherConnection.dispatch (C:\\Users\\VoTha\\AppData\\Local\\Temp\\playwright-java-5140480692616016175\\package\\lib\\server\\dispatchers\\dispatcher.js:232:49)\n    at transport.onmessage (C:\\Users\\VoTha\\AppData\\Local\\Temp\\playwright-java-5140480692616016175\\package\\lib\\cli\\driver.js:50:57)\n    at Immediate._onImmediate (C:\\Users\\VoTha\\AppData\\Local\\Temp\\playwright-java-5140480692616016175\\package\\lib\\protocol\\transport.js:77:34)\n    at process.processImmediate (node:internal/timers:476:21)\n}","trace":"java.lang.AssertionError: Set text on Locator 'LoginLocators/LoginInput' - [//*[@id=\"i0116\"]] failed. Details: com.microsoft.playwright.PlaywrightException: Error {\n  message='Target page, context or browser has been closed\n  name='Error\n  stack='Error: Target page, context or browser has been closed\n    at DispatcherConnection.dispatch (C:\\Users\\VoTha\\AppData\\Local\\Temp\\playwright-java-5140480692616016175\\package\\lib\\server\\dispatchers\\dispatcher.js:232:49)\n    at transport.onmessage (C:\\Users\\VoTha\\AppData\\Local\\Temp\\playwright-java-5140480692616016175\\package\\lib\\cli\\driver.js:50:57)\n    at Immediate._onImmediate (C:\\Users\\VoTha\\AppData\\Local\\Temp\\playwright-java-5140480692616016175\\package\\lib\\protocol\\transport.js:77:34)\n    at process.processImmediate (node:internal/timers:476:21)\n}\r\n\tat org.testng.Assert.fail(Assert.java:111)\r\n\tat com.icon.forwardplus.utils.Loggers.lambda$failed$3(Loggers.java:118)\r\n\tat io.qameta.allure.Allure.lambda$step$0(Allure.java:113)\r\n\tat io.qameta.allure.Allure.lambda$step$1(Allure.java:127)\r\n\tat io.qameta.allure.Allure.step(Allure.java:181)\r\n\tat io.qameta.allure.Allure.step(Allure.java:125)\r\n\tat io.qameta.allure.Allure.step(Allure.java:112)\r\n\tat com.icon.forwardplus.utils.Loggers.failed(Loggers.java:117)\r\n\tat com.icon.forwardplus.utils.PlaywrightActions.setText(PlaywrightActions.java:567)\r\n\tat com.icon.forwardplus.pages.LoginPage.signIn(LoginPage.java:40)\r\n\tat com.icon.forwardplus.pages.LoginPage.signIn(LoginPage.java:29)\r\n\tat com.icon.forwardplus.base.BaseTest.testSetup(BaseTest.java:151)\r\n\tat java.base/jdk.internal.reflect.DirectMethodHandleAccessor.invoke(DirectMethodHandleAccessor.java:103)\r\n\tat java.base/java.lang.reflect.Method.invoke(Method.java:580)\r\n\tat org.testng.internal.invokers.MethodInvocationHelper.invokeMethod(MethodInvocationHelper.java:139)\r\n\tat org.testng.internal.invokers.MethodInvocationHelper.invokeMethodConsideringTimeout(MethodInvocationHelper.java:69)\r\n\tat org.testng.internal.invokers.ConfigInvoker.invokeConfigurationMethod(ConfigInvoker.java:390)\r\n\tat org.testng.internal.invokers.ConfigInvoker.invokeConfigurations(ConfigInvoker.java:325)\r\n\tat org.testng.internal.invokers.TestInvoker.runConfigMethods(TestInvoker.java:810)\r\n\tat org.testng.internal.invokers.TestInvoker.invokeMethod(TestInvoker.java:577)\r\n\tat org.testng.internal.invokers.TestInvoker.invokeTestMethod(TestInvoker.java:227)\r\n\tat org.testng.internal.invokers.MethodRunner.runInSequence(MethodRunner.java:50)\r\n\tat org.testng.internal.invokers.TestInvoker$MethodInvocationAgent.invoke(TestInvoker.java:957)\r\n\tat org.testng.internal.invokers.TestInvoker.invokeTestMethods(TestInvoker.java:200)\r\n\tat org.testng.internal.invokers.TestMethodWorker.invokeTestMethods(TestMethodWorker.java:148)\r\n\tat org.testng.internal.invokers.TestMethodWorker.run(TestMethodWorker.java:128)\r\n\tat java.base/java.util.ArrayList.forEach(ArrayList.java:1597)\r\n\tat org.testng.TestRunner.privateRun(TestRunner.java:848)\r\n\tat org.testng.TestRunner.run(TestRunner.java:621)\r\n\tat org.testng.SuiteRunner.runTest(SuiteRunner.java:443)\r\n\tat org.testng.SuiteRunner.runSequentially(SuiteRunner.java:437)\r\n\tat org.testng.SuiteRunner.privateRun(SuiteRunner.java:397)\r\n\tat org.testng.SuiteRunner.run(SuiteRunner.java:336)\r\n\tat org.testng.SuiteRunnerWorker.runSuite(SuiteRunnerWorker.java:52)\r\n\tat org.testng.SuiteRunnerWorker.run(SuiteRunnerWorker.java:95)\r\n\tat org.testng.TestNG.runSuitesSequentially(TestNG.java:1280)\r\n\tat org.testng.TestNG.runSuitesLocally(TestNG.java:1200)\r\n\tat org.testng.TestNG.runSuites(TestNG.java:1114)\r\n\tat org.testng.TestNG.run(TestNG.java:1082)\r\n\tat com.microsoft.java.test.runner.testng.TestNGRunner.run(TestNGRunner.java:45)\r\n\tat com.microsoft.java.test.runner.testng.TestNGLauncher.execute(TestNGLauncher.java:32)\r\n\tat com.microsoft.java.test.runner.Launcher.main(Launcher.java:57)\r\n"},"stage":"finished","steps":[],"attachments":[],"parameters":[],"start":1747453265643,"stop":1747453265793}],"attachments":[],"parameters":[],"start":1747453150510,"stop":1747453279469}],"afters":[],"start":1747453150510,"stop":1747453279469}