{"uuid":"b40d9598-79a4-462b-ad71-cf37afd0b01b","historyId":"617dacb5d898b843c6fcc4ddff4f7066","fullName":"com.icon.forwardplus.base.BaseTest.testSetup","labels":[{"name":"package","value":"com.icon.forwardplus.tests.SimpleTest"},{"name":"testClass","value":"com.icon.forwardplus.tests.SimpleTest"},{"name":"testMethod","value":"testSetup"},{"name":"parentSuite","value":"Default Suite"},{"name":"suite","value":"TestNGTest-31c63b01-9d46-4e3e-8eaa-f5611c83676b"},{"name":"subSuite","value":"com.icon.forwardplus.tests.SimpleTest"},{"name":"host","value":"EU-XDMDP10-0389"},{"name":"thread","value":"17060@EU-XDMDP10-0389.main(1)"},{"name":"framework","value":"testng"},{"name":"language","value":"java"},{"name":"AS_ID","value":"-1"}],"links":[],"name":"testSetup","status":"broken","statusDetails":{"known":false,"muted":false,"flaky":false,"message":"Error {\n  message='net::ERR_EMPTY_RESPONSE at https://sctsts.iconcr.com/\n=========================== logs ===========================\nnavigating to \"https://sctsts.iconcr.com/\", waiting until \"load\"\n============================================================\n  name='Error\n  stack='Error: net::ERR_EMPTY_RESPONSE at https://sctsts.iconcr.com/\n=========================== logs ===========================\nnavigating to \"https://sctsts.iconcr.com/\", waiting until \"load\"\n============================================================\n    at FrameSession._navigate (C:\\Users\\VoTha\\AppData\\Local\\Temp\\playwright-java-11504930704132460842\\package\\lib\\server\\chromium\\crPage.js:509:35)\n    at async Frame._gotoAction (C:\\Users\\VoTha\\AppData\\Local\\Temp\\playwright-java-11504930704132460842\\package\\lib\\server\\frames.js:534:28)\n    at async ProgressController.run (C:\\Users\\VoTha\\AppData\\Local\\Temp\\playwright-java-11504930704132460842\\package\\lib\\server\\progress.js:92:22)\n    at async FrameDispatcher.goto (C:\\Users\\VoTha\\AppData\\Local\\Temp\\playwright-java-11504930704132460842\\package\\lib\\server\\dispatchers\\frameDispatcher.js:75:103)\n    at async DispatcherConnection.dispatch (C:\\Users\\VoTha\\AppData\\Local\\Temp\\playwright-java-11504930704132460842\\package\\lib\\server\\dispatchers\\dispatcher.js:319:22)\n}","trace":"com.microsoft.playwright.PlaywrightException: Error {\n  message='net::ERR_EMPTY_RESPONSE at https://sctsts.iconcr.com/\n=========================== logs ===========================\nnavigating to \"https://sctsts.iconcr.com/\", waiting until \"load\"\n============================================================\n  name='Error\n  stack='Error: net::ERR_EMPTY_RESPONSE at https://sctsts.iconcr.com/\n=========================== logs ===========================\nnavigating to \"https://sctsts.iconcr.com/\", waiting until \"load\"\n============================================================\n    at FrameSession._navigate (C:\\Users\\VoTha\\AppData\\Local\\Temp\\playwright-java-11504930704132460842\\package\\lib\\server\\chromium\\crPage.js:509:35)\n    at async Frame._gotoAction (C:\\Users\\VoTha\\AppData\\Local\\Temp\\playwright-java-11504930704132460842\\package\\lib\\server\\frames.js:534:28)\n    at async ProgressController.run (C:\\Users\\VoTha\\AppData\\Local\\Temp\\playwright-java-11504930704132460842\\package\\lib\\server\\progress.js:92:22)\n    at async FrameDispatcher.goto (C:\\Users\\VoTha\\AppData\\Local\\Temp\\playwright-java-11504930704132460842\\package\\lib\\server\\dispatchers\\frameDispatcher.js:75:103)\n    at async DispatcherConnection.dispatch (C:\\Users\\VoTha\\AppData\\Local\\Temp\\playwright-java-11504930704132460842\\package\\lib\\server\\dispatchers\\dispatcher.js:319:22)\n}\r\n\tat com.microsoft.playwright.impl.WaitableResult.get(WaitableResult.java:54)\r\n\tat com.microsoft.playwright.impl.ChannelOwner.runUntil(ChannelOwner.java:111)\r\n\tat com.microsoft.playwright.impl.Connection.sendMessage(Connection.java:119)\r\n\tat com.microsoft.playwright.impl.ChannelOwner.sendMessage(ChannelOwner.java:102)\r\n\tat com.microsoft.playwright.impl.FrameImpl.navigateImpl(FrameImpl.java:463)\r\n\tat com.microsoft.playwright.impl.PageImpl.lambda$navigate$45(PageImpl.java:850)\r\n\tat com.microsoft.playwright.impl.LoggingSupport.withLogging(LoggingSupport.java:47)\r\n\tat com.microsoft.playwright.impl.ChannelOwner.withLogging(ChannelOwner.java:87)\r\n\tat com.microsoft.playwright.impl.PageImpl.navigate(PageImpl.java:850)\r\n\tat com.microsoft.playwright.impl.PageImpl.navigate(PageImpl.java:41)\r\n\tat com.microsoft.playwright.Page.navigate(Page.java:5167)\r\n\tat com.icon.forwardplus.utils.PlaywrightActions.navigateToUrl(PlaywrightActions.java:126)\r\n\tat com.icon.forwardplus.pages.LoginPage.signIn(LoginPage.java:37)\r\n\tat com.icon.forwardplus.pages.LoginPage.signIn(LoginPage.java:29)\r\n\tat com.icon.forwardplus.base.BaseTest.testSetup(BaseTest.java:151)\r\n\tat java.base/jdk.internal.reflect.DirectMethodHandleAccessor.invoke(DirectMethodHandleAccessor.java:103)\r\n\tat java.base/java.lang.reflect.Method.invoke(Method.java:580)\r\n\tat org.testng.internal.invokers.MethodInvocationHelper.invokeMethod(MethodInvocationHelper.java:139)\r\n\tat org.testng.internal.invokers.MethodInvocationHelper.invokeMethodConsideringTimeout(MethodInvocationHelper.java:69)\r\n\tat org.testng.internal.invokers.ConfigInvoker.invokeConfigurationMethod(ConfigInvoker.java:390)\r\n\tat org.testng.internal.invokers.ConfigInvoker.invokeConfigurations(ConfigInvoker.java:325)\r\n\tat org.testng.internal.invokers.TestInvoker.runConfigMethods(TestInvoker.java:810)\r\n\tat org.testng.internal.invokers.TestInvoker.invokeMethod(TestInvoker.java:577)\r\n\tat org.testng.internal.invokers.TestInvoker.invokeTestMethod(TestInvoker.java:227)\r\n\tat org.testng.internal.invokers.MethodRunner.runInSequence(MethodRunner.java:50)\r\n\tat org.testng.internal.invokers.TestInvoker$MethodInvocationAgent.invoke(TestInvoker.java:957)\r\n\tat org.testng.internal.invokers.TestInvoker.invokeTestMethods(TestInvoker.java:200)\r\n\tat org.testng.internal.invokers.TestMethodWorker.invokeTestMethods(TestMethodWorker.java:148)\r\n\tat org.testng.internal.invokers.TestMethodWorker.run(TestMethodWorker.java:128)\r\n\tat java.base/java.util.ArrayList.forEach(ArrayList.java:1597)\r\n\tat org.testng.TestRunner.privateRun(TestRunner.java:848)\r\n\tat org.testng.TestRunner.run(TestRunner.java:621)\r\n\tat org.testng.SuiteRunner.runTest(SuiteRunner.java:443)\r\n\tat org.testng.SuiteRunner.runSequentially(SuiteRunner.java:437)\r\n\tat org.testng.SuiteRunner.privateRun(SuiteRunner.java:397)\r\n\tat org.testng.SuiteRunner.run(SuiteRunner.java:336)\r\n\tat org.testng.SuiteRunnerWorker.runSuite(SuiteRunnerWorker.java:52)\r\n\tat org.testng.SuiteRunnerWorker.run(SuiteRunnerWorker.java:95)\r\n\tat org.testng.TestNG.runSuitesSequentially(TestNG.java:1280)\r\n\tat org.testng.TestNG.runSuitesLocally(TestNG.java:1200)\r\n\tat org.testng.TestNG.runSuites(TestNG.java:1114)\r\n\tat org.testng.TestNG.run(TestNG.java:1082)\r\n\tat com.microsoft.java.test.runner.testng.TestNGRunner.run(TestNGRunner.java:45)\r\n\tat com.microsoft.java.test.runner.testng.TestNGLauncher.execute(TestNGLauncher.java:32)\r\n\tat com.microsoft.java.test.runner.Launcher.main(Launcher.java:57)\r\nCaused by: com.microsoft.playwright.impl.DriverException: Error {\n  message='net::ERR_EMPTY_RESPONSE at https://sctsts.iconcr.com/\n=========================== logs ===========================\nnavigating to \"https://sctsts.iconcr.com/\", waiting until \"load\"\n============================================================\n  name='Error\n  stack='Error: net::ERR_EMPTY_RESPONSE at https://sctsts.iconcr.com/\n=========================== logs ===========================\nnavigating to \"https://sctsts.iconcr.com/\", waiting until \"load\"\n============================================================\n    at FrameSession._navigate (C:\\Users\\VoTha\\AppData\\Local\\Temp\\playwright-java-11504930704132460842\\package\\lib\\server\\chromium\\crPage.js:509:35)\n    at async Frame._gotoAction (C:\\Users\\VoTha\\AppData\\Local\\Temp\\playwright-java-11504930704132460842\\package\\lib\\server\\frames.js:534:28)\n    at async ProgressController.run (C:\\Users\\VoTha\\AppData\\Local\\Temp\\playwright-java-11504930704132460842\\package\\lib\\server\\progress.js:92:22)\n    at async FrameDispatcher.goto (C:\\Users\\VoTha\\AppData\\Local\\Temp\\playwright-java-11504930704132460842\\package\\lib\\server\\dispatchers\\frameDispatcher.js:75:103)\n    at async DispatcherConnection.dispatch (C:\\Users\\VoTha\\AppData\\Local\\Temp\\playwright-java-11504930704132460842\\package\\lib\\server\\dispatchers\\dispatcher.js:319:22)\n}\r\n\tat com.microsoft.playwright.impl.Connection.dispatch(Connection.java:201)\r\n\tat com.microsoft.playwright.impl.Connection.processOneMessage(Connection.java:181)\r\n\tat com.microsoft.playwright.impl.ChannelOwner.runUntil(ChannelOwner.java:109)\r\n\t... 43 more\r\n"},"stage":"finished","description":"[Test started at: 2025-05-17 11:05:11]","steps":[],"attachments":[],"parameters":[],"start":1747454711063,"stop":1747454711066}